<?xml version="1.0" encoding="UTF-8"?>
<testsuite name="Test"
           tests="3"
           failures="1"
           errors="0"
           skipped="2"
           time="-1633863130.079">
  <properties />
            <testcase name="setUp" time="3.071" classname="org.malitcode.test.ManagerLoginTest">
                <failure type="org.openqa.selenium.SessionNotCreatedException"
                  message="session not created: This version of ChromeDriver only supports Chrome version 90
Current browser version is 94.0.4606.71 with binary path C:\Program Files\Google\Chrome\Application\chrome.exe
Build info: version: &apos;3.141.59&apos;, revision: &apos;e82be7d358&apos;, time: &apos;2018-11-14T08:17:03&apos;
System info: host: &apos;DESKTOP-VB02Q6K&apos;, ip: &apos;192.168.43.47&apos;, os.name: &apos;Windows 10&apos;, os.arch: &apos;amd64&apos;, os.version: &apos;10.0&apos;, java.version: &apos;1.8.0_301&apos;
Driver info: driver.version: ChromeDriver
remote stacktrace: Backtrace:
	Ordinal0 [0x00E2C013+2474003]
	Ordinal0 [0x00DC29C1+2042305]
	Ordinal0 [0x00CD2F68+1060712]
	Ordinal0 [0x00CF188E+1185934]
	Ordinal0 [0x00CED600+1168896]
	Ordinal0 [0x00CEAA83+1157763]
	Ordinal0 [0x00D1A2A2+1352354]
	Ordinal0 [0x00D18FAA+1347498]
	Ordinal0 [0x00D166DB+1337051]
	Ordinal0 [0x00CF3427+1192999]
	Ordinal0 [0x00CF42EE+1196782]
	Ordinal0 [0x00CF4279+1196665]
	GetHandleVerifier [0x00FB96FC+1590332]
	GetHandleVerifier [0x01068614+2306900]
	GetHandleVerifier [0x00EB9E93+543699]
	GetHandleVerifier [0x00EB92CE+540686]
	Ordinal0 [0x00DC86BA+2066106]
	Ordinal0 [0x00DCD1C8+2085320]
	Ordinal0 [0x00DCD308+2085640]
	Ordinal0 [0x00DD67F3+2123763]
	BaseThreadInitThunk [0x753C0419+25]
	RtlGetAppContainerNamedObjectPath [0x77B772ED+237]
	RtlGetAppContainerNamedObjectPath [0x77B772BD+189]
"
              >
<![CDATA[org.openqa.selenium.SessionNotCreatedException: session not created: This version of ChromeDriver only supports Chrome version 90
Current browser version is 94.0.4606.71 with binary path C:\Program Files\Google\Chrome\Application\chrome.exe
Build info: version: '3.141.59', revision: 'e82be7d358', time: '2018-11-14T08:17:03'
System info: host: 'DESKTOP-VB02Q6K', ip: '192.168.43.47', os.name: 'Windows 10', os.arch: 'amd64', os.version: '10.0', java.version: '1.8.0_301'
Driver info: driver.version: ChromeDriver
remote stacktrace: Backtrace:
	Ordinal0 [0x00E2C013+2474003]
	Ordinal0 [0x00DC29C1+2042305]
	Ordinal0 [0x00CD2F68+1060712]
	Ordinal0 [0x00CF188E+1185934]
	Ordinal0 [0x00CED600+1168896]
	Ordinal0 [0x00CEAA83+1157763]
	Ordinal0 [0x00D1A2A2+1352354]
	Ordinal0 [0x00D18FAA+1347498]
	Ordinal0 [0x00D166DB+1337051]
	Ordinal0 [0x00CF3427+1192999]
	Ordinal0 [0x00CF42EE+1196782]
	Ordinal0 [0x00CF4279+1196665]
	GetHandleVerifier [0x00FB96FC+1590332]
	GetHandleVerifier [0x01068614+2306900]
	GetHandleVerifier [0x00EB9E93+543699]
	GetHandleVerifier [0x00EB92CE+540686]
	Ordinal0 [0x00DC86BA+2066106]
	Ordinal0 [0x00DCD1C8+2085320]
	Ordinal0 [0x00DCD308+2085640]
	Ordinal0 [0x00DD67F3+2123763]
	BaseThreadInitThunk [0x753C0419+25]
	RtlGetAppContainerNamedObjectPath [0x77B772ED+237]
	RtlGetAppContainerNamedObjectPath [0x77B772BD+189]

  sun.reflect.NativeConstructorAccessorImpl.newInstance0(Native Method)
  sun.reflect.NativeConstructorAccessorImpl.newInstance(NativeConstructorAccessorImpl.java:62)
  sun.reflect.DelegatingConstructorAccessorImpl.newInstance(DelegatingConstructorAccessorImpl.java:45)
  java.lang.reflect.Constructor.newInstance(Constructor.java:423)
  org.openqa.selenium.remote.W3CHandshakeResponse.lambda$errorHandler$0(W3CHandshakeResponse.java:62)
  org.openqa.selenium.remote.HandshakeResponse.lambda$getResponseFunction$0(HandshakeResponse.java:30)
  org.openqa.selenium.remote.ProtocolHandshake.lambda$createSession$0(ProtocolHandshake.java:126)
  java.util.stream.ReferencePipeline$3$1.accept(ReferencePipeline.java:193)
  java.util.Spliterators$ArraySpliterator.tryAdvance(Spliterators.java:958)
  java.util.stream.ReferencePipeline.forEachWithCancel(ReferencePipeline.java:126)
  java.util.stream.AbstractPipeline.copyIntoWithCancel(AbstractPipeline.java:499)
  java.util.stream.AbstractPipeline.copyInto(AbstractPipeline.java:486)
  java.util.stream.AbstractPipeline.wrapAndCopyInto(AbstractPipeline.java:472)
  java.util.stream.FindOps$FindOp.evaluateSequential(FindOps.java:152)
  java.util.stream.AbstractPipeline.evaluate(AbstractPipeline.java:234)
  java.util.stream.ReferencePipeline.findFirst(ReferencePipeline.java:464)
  org.openqa.selenium.remote.ProtocolHandshake.createSession(ProtocolHandshake.java:128)
  org.openqa.selenium.remote.ProtocolHandshake.createSession(ProtocolHandshake.java:74)
  org.openqa.selenium.remote.HttpCommandExecutor.execute(HttpCommandExecutor.java:136)
  org.openqa.selenium.remote.service.DriverCommandExecutor.execute(DriverCommandExecutor.java:83)
  org.openqa.selenium.remote.RemoteWebDriver.execute(RemoteWebDriver.java:552)
  org.openqa.selenium.remote.RemoteWebDriver.startSession(RemoteWebDriver.java:213)
  org.openqa.selenium.remote.RemoteWebDriver.<init>(RemoteWebDriver.java:131)
  org.openqa.selenium.chrome.ChromeDriver.<init>(ChromeDriver.java:181)
  org.openqa.selenium.chrome.ChromeDriver.<init>(ChromeDriver.java:168)
  org.openqa.selenium.chrome.ChromeDriver.<init>(ChromeDriver.java:123)
  org.malitcode.test.BaseClass.setUp(BaseClass.java:28)
  sun.reflect.NativeMethodAccessorImpl.invoke0(Native Method)
  sun.reflect.NativeMethodAccessorImpl.invoke(NativeMethodAccessorImpl.java:62)
  sun.reflect.DelegatingMethodAccessorImpl.invoke(DelegatingMethodAccessorImpl.java:43)
  java.lang.reflect.Method.invoke(Method.java:498)
  org.testng.internal.MethodInvocationHelper.invokeMethod(MethodInvocationHelper.java:134)
  org.testng.internal.MethodInvocationHelper.invokeMethodConsideringTimeout(MethodInvocationHelper.java:63)
  org.testng.internal.ConfigInvoker.invokeConfigurationMethod(ConfigInvoker.java:348)
  org.testng.internal.ConfigInvoker.invokeConfigurations(ConfigInvoker.java:302)
  org.testng.internal.TestInvoker.runConfigMethods(TestInvoker.java:695)
  org.testng.internal.TestInvoker.invokeMethod(TestInvoker.java:523)
  org.testng.internal.TestInvoker.invokeTestMethod(TestInvoker.java:173)
  org.testng.internal.MethodRunner.runInSequence(MethodRunner.java:46)
  org.testng.internal.TestInvoker$MethodInvocationAgent.invoke(TestInvoker.java:816)
  org.testng.internal.TestInvoker.invokeTestMethods(TestInvoker.java:146)
  org.testng.internal.TestMethodWorker.invokeTestMethods(TestMethodWorker.java:146)
  org.testng.internal.TestMethodWorker.run(TestMethodWorker.java:128)
  java.util.ArrayList.forEach(ArrayList.java:1259)
  org.testng.TestRunner.privateRun(TestRunner.java:766)
  org.testng.TestRunner.run(TestRunner.java:587)
  org.testng.SuiteRunner.runTest(SuiteRunner.java:384)
  org.testng.SuiteRunner.runSequentially(SuiteRunner.java:378)
  org.testng.SuiteRunner.privateRun(SuiteRunner.java:337)
  org.testng.SuiteRunner.run(SuiteRunner.java:286)
  org.testng.SuiteRunnerWorker.runSuite(SuiteRunnerWorker.java:53)
  org.testng.SuiteRunnerWorker.run(SuiteRunnerWorker.java:96)
  org.testng.TestNG.runSuitesSequentially(TestNG.java:1187)
  org.testng.TestNG.runSuitesLocally(TestNG.java:1109)
  org.testng.TestNG.runSuites(TestNG.java:1039)
  org.testng.TestNG.run(TestNG.java:1007)
  org.testng.remote.AbstractRemoteTestNG.run(AbstractRemoteTestNG.java:115)
  org.testng.remote.RemoteTestNG.initAndRun(RemoteTestNG.java:251)
  org.testng.remote.RemoteTestNG.main(RemoteTestNG.java:77)
]]>
      </failure>

          </testcase>
  
            <testcase name="tearDown" time="0.0" classname="org.malitcode.test.ManagerLoginTest">
          <skipped />
    </testcase>
            <testcase name="loginManager" time="0.0" classname="org.malitcode.test.ManagerLoginTest">
          <skipped />
    </testcase>
  
  
</testsuite>
