<?xml version="1.0" encoding="UTF-8"?>
<!-- Generated by org.testng.reporters.JUnitXMLReporter -->
<testsuite hostname="DESKTOP-VB02Q6K" ignored="0" name="Test" tests="1" failures="0" timestamp="2021-10-10T12:52:13 CAT" time="3.183" errors="0">
  <testcase name="@BeforeMethod setUp" time="3.071" classname="org.malitcode.test.BaseClass">
    <failure type="org.openqa.selenium.SessionNotCreatedException" message="session not created: This version of ChromeDriver only supports Chrome version 90
Current browser version is 94.0.4606.71 with binary path C:\Program Files\Google\Chrome\Application\chrome.exe
Build info: version: &amp;apos;3.141.59&amp;apos;, revision: &amp;apos;e82be7d358&amp;apos;, time: &amp;apos;2018-11-14T08:17:03&amp;apos;
System info: host: &amp;apos;DESKTOP-VB02Q6K&amp;apos;, ip: &amp;apos;192.168.43.47&amp;apos;, os.name: &amp;apos;Windows 10&amp;apos;, os.arch: &amp;apos;amd64&amp;apos;, os.version: &amp;apos;10.0&amp;apos;, java.version: &amp;apos;1.8.0_301&amp;apos;
Driver info: driver.version: ChromeDriver
remote stacktrace: Backtrace:
	Ordinal0 [0x00E2C013+2474003]
	Ordinal0 [0x00DC29C1+2042305]
	Ordinal0 [0x00CD2F68+1060712]
	Ordinal0 [0x00CF188E+1185934]
	Ordinal0 [0x00CED600+1168896]
	Ordinal0 [0x00CEAA83+1157763]
	Ordinal0 [0x00D1A2A2+1352354]
	Ordinal0 [0x00D18FAA+1347498]
	Ordinal0 [0x00D166DB+1337051]
	Ordinal0 [0x00CF3427+1192999]
	Ordinal0 [0x00CF42EE+1196782]
	Ordinal0 [0x00CF4279+1196665]
	GetHandleVerifier [0x00FB96FC+1590332]
	GetHandleVerifier [0x01068614+2306900]
	GetHandleVerifier [0x00EB9E93+543699]
	GetHandleVerifier [0x00EB92CE+540686]
	Ordinal0 [0x00DC86BA+2066106]
	Ordinal0 [0x00DCD1C8+2085320]
	Ordinal0 [0x00DCD308+2085640]
	Ordinal0 [0x00DD67F3+2123763]
	BaseThreadInitThunk [0x753C0419+25]
	RtlGetAppContainerNamedObjectPath [0x77B772ED+237]
	RtlGetAppContainerNamedObjectPath [0x77B772BD+189]
">
      <![CDATA[org.openqa.selenium.SessionNotCreatedException: session not created: This version of ChromeDriver only supports Chrome version 90
Current browser version is 94.0.4606.71 with binary path C:\Program Files\Google\Chrome\Application\chrome.exe
Build info: version: '3.141.59', revision: 'e82be7d358', time: '2018-11-14T08:17:03'
System info: host: 'DESKTOP-VB02Q6K', ip: '192.168.43.47', os.name: 'Windows 10', os.arch: 'amd64', os.version: '10.0', java.version: '1.8.0_301'
Driver info: driver.version: ChromeDriver
remote stacktrace: Backtrace:
Ordinal0 [0x00E2C013+2474003]
Ordinal0 [0x00DC29C1+2042305]
Ordinal0 [0x00CD2F68+1060712]
Ordinal0 [0x00CF188E+1185934]
Ordinal0 [0x00CED600+1168896]
Ordinal0 [0x00CEAA83+1157763]
Ordinal0 [0x00D1A2A2+1352354]
Ordinal0 [0x00D18FAA+1347498]
Ordinal0 [0x00D166DB+1337051]
Ordinal0 [0x00CF3427+1192999]
Ordinal0 [0x00CF42EE+1196782]
Ordinal0 [0x00CF4279+1196665]
GetHandleVerifier [0x00FB96FC+1590332]
GetHandleVerifier [0x01068614+2306900]
GetHandleVerifier [0x00EB9E93+543699]
GetHandleVerifier [0x00EB92CE+540686]
Ordinal0 [0x00DC86BA+2066106]
Ordinal0 [0x00DCD1C8+2085320]
Ordinal0 [0x00DCD308+2085640]
Ordinal0 [0x00DD67F3+2123763]
BaseThreadInitThunk [0x753C0419+25]
RtlGetAppContainerNamedObjectPath [0x77B772ED+237]
RtlGetAppContainerNamedObjectPath [0x77B772BD+189]

at org.openqa.selenium.remote.W3CHandshakeResponse.lambda$errorHandler$0(W3CHandshakeResponse.java:62)
at org.openqa.selenium.remote.HandshakeResponse.lambda$getResponseFunction$0(HandshakeResponse.java:30)
at org.openqa.selenium.remote.ProtocolHandshake.lambda$createSession$0(ProtocolHandshake.java:126)
at java.util.stream.ReferencePipeline$3$1.accept(ReferencePipeline.java:193)
at java.util.Spliterators$ArraySpliterator.tryAdvance(Spliterators.java:958)
at java.util.stream.ReferencePipeline.forEachWithCancel(ReferencePipeline.java:126)
at java.util.stream.AbstractPipeline.copyIntoWithCancel(AbstractPipeline.java:499)
at java.util.stream.AbstractPipeline.copyInto(AbstractPipeline.java:486)
at java.util.stream.AbstractPipeline.wrapAndCopyInto(AbstractPipeline.java:472)
at java.util.stream.FindOps$FindOp.evaluateSequential(FindOps.java:152)
at java.util.stream.AbstractPipeline.evaluate(AbstractPipeline.java:234)
at java.util.stream.ReferencePipeline.findFirst(ReferencePipeline.java:464)
at org.openqa.selenium.remote.ProtocolHandshake.createSession(ProtocolHandshake.java:128)
at org.openqa.selenium.remote.ProtocolHandshake.createSession(ProtocolHandshake.java:74)
at org.openqa.selenium.remote.HttpCommandExecutor.execute(HttpCommandExecutor.java:136)
at org.openqa.selenium.remote.service.DriverCommandExecutor.execute(DriverCommandExecutor.java:83)
at org.openqa.selenium.remote.RemoteWebDriver.execute(RemoteWebDriver.java:552)
at org.openqa.selenium.remote.RemoteWebDriver.startSession(RemoteWebDriver.java:213)
at org.openqa.selenium.remote.RemoteWebDriver.<init>(RemoteWebDriver.java:131)
at org.openqa.selenium.chrome.ChromeDriver.<init>(ChromeDriver.java:181)
at org.openqa.selenium.chrome.ChromeDriver.<init>(ChromeDriver.java:168)
at org.openqa.selenium.chrome.ChromeDriver.<init>(ChromeDriver.java:123)
at org.malitcode.test.BaseClass.setUp(BaseClass.java:28)
at java.util.ArrayList.forEach(ArrayList.java:1259)
... Removed 35 stack frames]]>
    </failure>
  </testcase> <!-- @BeforeMethod setUp -->
  <testcase name="@AfterMethod tearDown" time="-1.63386313315E9" classname="org.malitcode.test.BaseClass">
    <skipped/>
  </testcase> <!-- @AfterMethod tearDown -->
  <testcase name="loginManager" time="0.0" classname="org.malitcode.test.ManagerLoginTest">
    <skipped/>
  </testcase> <!-- loginManager -->
</testsuite> <!-- Test -->
